
--06-17 09:03:12 log_info display_image.Dialogs.ListingPreferencesDialog.check INFO     

# ListingPreferencesDialog.CheckListingPreferences.check() # check

--06-17 09:03:12 log_info display_image.Dialogs.ListingPreferencesDialog.check INFO     
######################## Listing Preferences #############
Type: <type 'dict'>
{u'BuyItNowPrice': {u'percent of MSRP': False}, u'*Format': {u'Auction': True, u'FixedPrice': False}, u'ReservePrice': {u'percent of MSRP': False}, u'ShippingService-1:Cost': {u'Amount': u'12'}, u'ShippingService-1:Option': {u'FedExHomeDelivery': True, u'USPSPriority': False}, u'*StartPrice': {u'.99': u'.99', u'percent of MSRP': False}, u'*Duration': {u'10': False, u'GTC': False, u'30': False, u'3': False, u'5': True, u'7': False}} check

--06-17 09:03:12 log_info display_image.MainFrame.createWidgets INFO     
THIS IS A MESSAGE in CreateWidgets

--06-17 09:03:12 log_info display_image.MainFrame.lsizerCreate INFO     
THIS IS A MESSAGE IN lsizerCreate

--06-17 09:03:12 log_info display_image.EventsHandlers.MainFrameEventHandler.onbeginShelfNumberText INFO     
Inside:  onbeginShelfNumberText

--06-17 09:03:12 log_info display_image.EventsHandlers.MainFrameEventHandler.onbeginShelfNumberText INFO     
Inside:  onbeginShelfNumberText

--06-17 09:03:12 log_info display_image.EventsHandlers.MainFrameEventHandler.onListerInitialsText INFO     
Initials set:JM onListerInitialsText

--06-17 09:03:12 log_info display_image.EventsHandlers.MainFrameEventHandler.onListerInitialsText INFO     
Initials set:JM onListerInitialsText

--06-17 09:03:12 log_info display_image.MainFrame.csizerCreate INFO     
THIS IS A MESSAGE in csizerCreate

--06-17 09:03:12 log_info display_image.MainFrame.rsizerCreate INFO     
THIS IS A MESSAGE in rsizerCreate

--06-17 09:03:12 log_info run.MainFrame INFO     
# main(): #
MainFrame.__dict__:
{'retailerLbl': <wx._controls.StaticText; proxy of <Swig Object of type 'wxStaticText *' at 0x3adc678> >,
 'help': <wx._core.Menu; proxy of <Swig Object of type 'wxMenu *' at 0x23db8c0> >,
 'listingPreferencesResults': {u'BuyItNowPrice': {u'percent of MSRP': False}, u'*Format': {u'Auction': True, u'FixedPrice': False}, u'ReservePrice': {u'percent of MSRP': False}, u'ShippingService-1:Cost': {u'Amount': u'12'}, u'ShippingService-1:Option': {u'FedExHomeDelivery': True, u'USPSPriority': False}, u'*StartPrice': {u'.99': u'.99', u'percent of MSRP': False}, u'*Duration': {u'10': False, u'GTC': False, u'30': False, u'3': False, u'5': True, u'7': False}},
 'buildAuctionButton': <wx._controls.Button; proxy of <Swig Object of type 'wxButton *' at 0x3c60840> >,
 'defaultImgPath': 'display_image\\jPages\\QZ468\\default.JPEG',
 'currentTitleText': <wx._controls.TextCtrl; proxy of <Swig Object of type 'wxTextCtrl *' at 0x3c818e8> >,
 'loadManifest': <wx._core.MenuItem; proxy of <Swig Object of type 'wxMenuItem *' at 0x23db980> >,
 'itemSpecificsFetcher': <display_image.sky_manifest.ManifestReader object at 0x03B178F0>,
 'emptyRadio': <wx._controls.RadioButton; proxy of <Swig Object of type 'wxRadioButton *' at 0x3adbfd8> >,
 'reloadModules': <wx._core.MenuItem; proxy of <Swig Object of type 'wxMenuItem *' at 0x23dbec0> >,
 'logger': <logs.logger_example.log_this object at 0x03B17650>,
 'upcNumberText': <wx._controls.TextCtrl; proxy of <Swig Object of type 'wxTextCtrl *' at 0x3c62050> >,
 'ebayAuctionHeaders': ['*Action(SiteID=US|Country=US|Currency=USD|Version=745)',
 '*Category',
 '*Title',
 'Subtitle',
 '*Description',
 '*ConditionID',
 'ConditionDescription',
 '*PicURL',
 '*Quantity',
 '*Format',
 '*StartPrice',
 'BuyItNowPrice',
 'ReservePrice',
 '*Duration',
 'ImmediatePayRequired',
 '*Location',
 'GalleryType',
 'PayPalAccepted',
 'PayPalEmailAddress',
 'PaymentInstructions',
 'StoreCategory',
 'ShippingDiscountProfileID',
 'DomesticRateTable',
 'ShippingType',
 'SalesTaxPercent',
 'SalesTaxState',
 'ShippingInTax',
 'UseTaxTable',
 'PostalCode',
 'ShippingService-1:Option',
 'ShippingService-1:Cost',
 'ShippingService-1:Priority',
 'ShippingService-1:ShippingSurcharge',
 'DispatchTimeMax',
 '*CustomLabel',
 'ReturnsAcceptedOption',
 'RefundOption',
 'ReturnsWithinOption',
 'ShippingCostPaidByOption',
 'AdditionalDetails',
 'ShippingProfileName',
 'ReturnProfileName',
 'PaymentProfileName',
 'SiteID',
 'BoldTitle',
 'Featured',
 'Highlight',
 'Border',
 'HomePageFeatured',
 'LinkedPayPalAccount',
 'MaximumItemCount',
 'MaxItemMinFeedback',
 'MaxUnpaidItemsCount',
 'MaxUnpaidItemsPeriod',
 'MaxViolationCount',
 'MaxViolationPeriod',
 'MinimumFeebackScore',
 'ShiptoRegCountry',
 'C:Brand',
 'C:Size Type',
 'C:Size',
 'C:Style',
 'C:Color', "C:US Shoe Size (Women's)", "C:Bottoms Size (Women's)", "C:Size (Women's)", "C:Bottoms Size (Men's)", "C:Size (Men's)", "C:Intimates & Sleep Size (Women's)",
 'C:Band Size',
 'C:Cup Size',
 'C:Gender',
 'C:Style',
 'C:Features',
 'C:Band Material',
 'C:Age',
 'C:Movement',
 'C:Display',
 'C:Model',
 'C:MPN',
 'C:Serial Number',
 'C:Country/Region of Manufacture'],
 'ssh': <display_image.Ssh_Put.Ssh object at 0x03B17ED0>,
 'ebayHeadersFile': 'display_image\\archivedData\\ebay_auction_headers.csv',
 'instructions': 'Is this image correct?',
 'browseBtn': <wx._controls.Button; proxy of <Swig Object of type 'wxButton *' at 0x3c61088> >,
 'currentTitleLbl': <wx._controls.StaticText; proxy of <Swig Object of type 'wxStaticText *' at 0x3c7f6e8> >,
 'edit': <wx._core.Menu; proxy of <Swig Object of type 'wxMenu *' at 0x23db740> >,
 'fingerRadio': <wx._controls.RadioButton; proxy of <Swig Object of type 'wxRadioButton *' at 0x3adc820> >,
 'lookUpBySkuBtn': <wx._controls.Button; proxy of <Swig Object of type 'wxButton *' at 0x3c5fff8> >,
 'threading': False,
 'uniqueCategoryArchive': 'display_image\\archivedData\\unique_category_4numbeer_sku.csv',
 'resetSsh': <wx._core.MenuItem; proxy of <Swig Object of type 'wxMenuItem *' at 0x23dbbc0> >,
 'defaults':

 {'username': 'root',
 'jNumberFolder': 'QZ468',
 'defaultScanNumber': 'XQZ468XXXXX',
 'ssh_pass': None,
 'extIP': '50.244.213.181',
 'port': 22,
 'jPages': 'jPages',
 'archivedData': 'archivedData',
 'lookUpTable': 'unique_category_4numbeer_sku.csv',
 'defaultJNumber': 'QZ468',
 'currentItemInfo':

 {'description': '\nJ176344  Description is empty\n4PK4260000010\n21492\n',
 'image_list': ['default',
 '4QZ4680000010_VA_999',
 'default'],
 'jNumber': '',
 'listerInitials': u'JM',
 'itemSelectedImages':

 {'key': ''},
 'specs': '\nJ176344  Description is empty\n4PK4260000010\n21492\n'},
 'listerInitials': 'JM',
 'fileDestination': '/var/www',
 'itemSelectedImages':

 {'key': ''},
 'PhotoMaxSize': 400,
 'defaultJNumberInfo':

 {'itemSelectedImages':

 {'key': ''},
 'image_list': ['default',
 '4NS3600000010_A_99'],
 'description': '\nJ176344  Description is empty\n4PK4260000010\n21492\n',
 'specs': '\nJ176344 is Empty\n4PK4260000010\n21492\n'},
 'ebayHeaderFile': 'ebay_auction_headers.csv',
 'displayImageFolder': 'display_image',
 'watchDictManifestResults':

 {'key': ''},
 'serverLocation': '192.168.0.170',
 'itemSpecifics': [],
 'defaultShelf': 'XXX'},
 'palletNumberText': <wx._controls.TextCtrl; proxy of <Swig Object of type 'wxTextCtrl *' at 0x3b5a8e8> >,
 'jNumberFolderPath': 'display_image\\jPages\\QZ468',
 'actionSeperator': <wx._controls.StaticLine; proxy of <Swig Object of type 'wxStaticLine *' at 0x3adc4d0> >,
 'currentConditionNotesLbl': <wx._controls.StaticText; proxy of <Swig Object of type 'wxStaticText *' at 0x3c618d0> >,
 'ssh_pass': None,
 'beginShelfNumberLbl': <wx._controls.StaticText; proxy of <Swig Object of type 'wxStaticText *' at 0x3c60348> >,
 'currentConditionText': <wx._controls.TextCtrl; proxy of <Swig Object of type 'wxTextCtrl *' at 0x3c7e9e8> >,
 'eventsHandler': <display_image.EventsHandlers.MainFrameEventHandler.MainFrameEventHandler object at 0x03B17990>,
 'lSizer': <wx._core.BoxSizer; proxy of <Swig Object of type 'wxBoxSizer *' at 0x3804328> >,
 'currentSkuText': <wx._controls.TextCtrl; proxy of <Swig Object of type 'wxTextCtrl *' at 0x3c61c90> >,
 'currentRepairLbl': <wx._controls.StaticText; proxy of <Swig Object of type 'wxStaticText *' at 0x3c7f540> >,
 'listingPreferences': <wx._core.MenuItem; proxy of <Swig Object of type 'wxMenuItem *' at 0x23dbc80> >,
 'cSizer': <wx._core.BoxSizer; proxy of <Swig Object of type 'wxBoxSizer *' at 0x38043e8> >,
 'currentConditionNotesText': <wx._controls.TextCtrl; proxy of <Swig Object of type 'wxTextCtrl *' at 0x3c7eda8> >,
 'currentConditionLbl': <wx._controls.StaticText; proxy of <Swig Object of type 'wxStaticText *' at 0x3c61728> >,
 'currentBoxLbl': <wx._controls.StaticText; proxy of <Swig Object of type 'wxStaticText *' at 0x3c61580> >,
 'defaultJPagesFolder': 'display_image\\jPages',
 'sky_manifest': <module 'display_image.sky_manifest' from 'C:\Users\User\Desktop\SGIS\SGIS_6-2-14\Sky_Group_Inventory_Scanner-wxpython-master\display_image\sky_manifest.pyc'>,
 'scanNumberLbl': <wx._controls.StaticText; proxy of <Swig Object of type 'wxStaticText *' at 0x3adcd18> >,
 'browseText': <wx._controls.TextCtrl; proxy of <Swig Object of type 'wxTextCtrl *' at 0x3c67350> >,
 'currentBoxText': <wx._controls.TextCtrl; proxy of <Swig Object of type 'wxTextCtrl *' at 0x3c7e628> >,
 'newItemButton': <wx._controls.Button; proxy of <Swig Object of type 'wxButton *' at 0x3c609e8> >,
 'currentImgPath': 'display_image\\jPages\\QZ468\\default.JPEG',
 'this': <Swig Object of type 'wxFrame *' at 0x3888890>,
 'fetchManifestItemInfo': <wx._core.MenuItem; proxy of <Swig Object of type 'wxMenuItem *' at 0x23dba40> >,
 'currentDateListedLbl': <wx._controls.StaticText; proxy of <Swig Object of type 'wxStaticText *' at 0x3c61a78> >,
 'scanNumberSeperator': <wx._controls.StaticLine; proxy of <Swig Object of type 'wxStaticLine *' at 0x3c5fca8> >,
 'ebayCategoryIdLbl': <wx._controls.StaticText; proxy of <Swig Object of type 'wxStaticText *' at 0x3c604f0> >,
 'mainSizer': <wx._core.BoxSizer; proxy of <Swig Object of type 'wxBoxSizer *' at 0x3804508> >,
 'currentItemInfo':

 {'description': '\nJ176344  Description is empty\n4PK4260000010\n21492\n',
 'image_list': ['default',
 '4QZ4680000010_VA_999',
 'default'],
 'jNumber': '',
 'listerInitials': u'JM',
 'itemSelectedImages':

 {'key': ''},
 'specs': '\nJ176344  Description is empty\n4PK4260000010\n21492\n'},
 'quit': <wx._core.MenuItem; proxy of <Swig Object of type 'wxMenuItem *' at 0x23dbd40> >,
 'rSizerCurrentItemSizer': <wx._core.BoxSizer; proxy of <Swig Object of type 'wxBoxSizer *' at 0x38044a8> >,
 'SelectImageBtn': <wx._controls.Button; proxy of <Swig Object of type 'wxButton *' at 0x3c61230> >,
 'jNumber': 'QZ468',
 'defaultJNumberInfo':

 {'itemSelectedImages':

 {'key': ''},
 'image_list': ['default',
 '4NS3600000010_A_99'],
 'description': '\nJ176344  Description is empty\n4PK4260000010\n21492\n',
 'specs': '\nJ176344 is Empty\n4PK4260000010\n21492\n'},
 'listerInitialsLbl': <wx._controls.StaticText; proxy of <Swig Object of type 'wxStaticText *' at 0x3c60698> >,
 'instructLbl': <wx._controls.StaticText; proxy of <Swig Object of type 'wxStaticText *' at 0x3c60ee0> >,
 'lookupManifestedRadio': <wx._controls.RadioButton; proxy of <Swig Object of type 'wxRadioButton *' at 0x3adc328> >,
 'descriptionTextField': <wx._controls.TextCtrl; proxy of <Swig Object of type 'wxTextCtrl *' at 0x3c78268> >,
 'archivedDataFolderPath': 'display_image\\archivedData',
 'defaultJNumberFolder': 'display_image\\jPages\\QZ468',
 'imageCountLbl': <wx._controls.StaticText; proxy of <Swig Object of type 'wxStaticText *' at 0x3c60d38> >,
 'listerInitialsText': <wx._controls.TextCtrl; proxy of <Swig Object of type 'wxTextCtrl *' at 0x3c63390> >,
 'imageCtrl': <wx._controls.StaticBitmap; proxy of <Swig Object of type 'wxStaticBitmap *' at 0x3c60b90> >,
 'beginManifestingRadio': <wx._controls.RadioButton; proxy of <Swig Object of type 'wxRadioButton *' at 0x3adc180> >,
 'ebayCategoryIdText': <wx._controls.TextCtrl; proxy of <Swig Object of type 'wxTextCtrl *' at 0x3c62fd0> >,
 'lookUpBySkuSizer': <wx._core.BoxSizer; proxy of <Swig Object of type 'wxBoxSizer *' at 0x3804388> >,
 'file': <wx._core.Menu; proxy of <Swig Object of type 'wxMenu *' at 0x23db800> >,
 'currentRepairText': <wx._controls.TextCtrl; proxy of <Swig Object of type 'wxTextCtrl *' at 0x3c81528> >,
 'defaultJNumber': 'QZ468',
 'palletNumberLbl': <wx._controls.StaticText; proxy of <Swig Object of type 'wxStaticText *' at 0x3adcb70> >,
 'PhotoMaxSize': 400,
 'mainPanel': <wx._windows.Panel; proxy of <Swig Object of type 'wxPanel *' at 0x3aab330> >,
 'startingSkuLbl': <wx._controls.StaticText; proxy of <Swig Object of type 'wxStaticText *' at 0x3c5fe50> >,
 'rSizer': <wx._core.BoxSizer; proxy of <Swig Object of type 'wxBoxSizer *' at 0x3804448> >,
 'saveDescriptionTextBtn': <wx._controls.Button; proxy of <Swig Object of type 'wxButton *' at 0x3c613d8> >,
 'scanNumberText': <wx._controls.TextCtrl; proxy of <Swig Object of type 'wxTextCtrl *' at 0x3c5f8d0> >,
 'pdbSetTrace': <wx._core.MenuItem; proxy of <Swig Object of type 'wxMenuItem *' at 0x23dbe00> >,
 'statusbar': <wx._windows.StatusBar; proxy of <Swig Object of type 'wxStatusBar *' at 0x394f0d0> >,
 'upcNumberLbl': <wx._controls.StaticText; proxy of <Swig Object of type 'wxStaticText *' at 0x3c601a0> >,
 'currentDateListedText': <wx._controls.TextCtrl; proxy of <Swig Object of type 'wxTextCtrl *' at 0x3c7f168> >,
 'shopHqRadio': <wx._controls.RadioButton; proxy of <Swig Object of type 'wxRadioButton *' at 0x3adc9c8> >,
 'scanNumberTextValue': None,
 'ListingPreferencesDialog': <class 'display_image.Dialogs.ListingPreferencesDialog.ListingPreferencesDialog'>,
 'beginShelfNumberText': <wx._controls.TextCtrl; proxy of <Swig Object of type 'wxTextCtrl *' at 0x3c62c10> >}

--06-17 09:03:13 log_info display_image.EventsHandlers.MainFrameEventHandler.onPrefetch INFO     
Inside:  onPrefetch

--06-17 09:03:13 log_info display_image.EventsHandlers.MainFrameEventHandler.onPrefetch INFO     
Inside:  onPrefetch

--06-17 09:03:13 log_debug display_image.EventsHandlers.MainFrameEventHandler.csvFileBrowse DEBUG    Inside:  csvFileBrowse
ARGS_KWARGS_STR:
{'ARGS': ()
, 'KWARGS': {}}
call_fn: C:\Python27\lib\site-packages\wx-3.0-msw\wx\_core.py
call_ln: 7952
call_func: MainLoop
caller: ['        return _core_.PyApp_MainLoop(*args, **kwargs)\n']
Exception:
None

--06-17 09:03:13 log_info display_image.EventsHandlers.MainFrameEventHandler.csvFileBrowse INFO     
Inside:  csvFileBrowse

--06-17 09:03:13 log_info display_image.EventsHandlers.MainFrameEventHandler.csvFileBrowse INFO     
Inside:  csvFileBrowse

--06-17 09:03:16 log_debug display_image.EventsHandlers.MainFrameEventHandler.csvFileBrowse DEBUG    Filenames: csvFileBrowse
ARGS_KWARGS_STR:
{'ARGS': ([u'C:\\Users\\User\\Desktop\\SGIS\\Master_SpreadSheets\\SNBC4\\SNBC4_Master.csv'],)
, 'KWARGS': {}}
call_fn: C:\Python27\lib\site-packages\wx-3.0-msw\wx\_core.py
call_ln: 7952
call_func: MainLoop
caller: ['        return _core_.PyApp_MainLoop(*args, **kwargs)\n']
Exception:
None

--06-17 09:44:40 log_info display_image.EventsHandlers.MainFrameEventHandler.onClose INFO     
Inside:  onClose

--06-17 09:44:40 log_info display_image.EventsHandlers.MainFrameEventHandler.onClose INFO     
Inside:  onClose
